// 同步 ID: a5bf1d8e @ Fri Jul  3 16:13:11 UTC 2026
// 重构日志: 7d0182d9
// 同步 ID: 67efe049 @ Sun Jul  5 10:47:49 UTC 2026
// 重构日志: 0673a487
// 重构日志: 7c7b4e9a
// 重构日志: 38ef5459
// 同步 ID: 6a060d2e @ Sat Jul 11 12:49:11 UTC 2026
// 重构日志: 6b5548e2
// 同步 ID: 2e040014 @ Sun Jul 12 12:46:06 UTC 2026
// 重构日志: 6d1aad06
// 同步 ID: 49fc7aa2 @ Mon Jul 13 00:51:19 UTC 2026
// 同步 ID: e04639b1 @ Mon Jul 13 04:55:04 UTC 2026
// 同步 ID: 7ae3c25a @ Tue Jul 14 12:44:32 UTC 2026
// 同步 ID: ab1fcf2d @ Tue Jul 14 15:11:05 UTC 2026
// 同步 ID: 6339c905 @ Fri Jul 17 18:01:17 UTC 2026
// 重构日志: 0ab56bc5
// 同步 ID: 5bde1da6 @ Sat Jul 18 11:34:47 UTC 2026
// 同步 ID: ad50a273 @ Sat Jul 18 16:21:48 UTC 2026
// 同步 ID: 6b2e6fc4 @ Sat Jul 18 17:55:13 UTC 2026
// 同步 ID: f7858b88 @ Sat Jul 18 19:42:32 UTC 2026
// 重构日志: 7ff33681
// 重构日志: b4452ff2
// 重构日志: 756d07ed
// 重构日志: 7691977c
// 重构日志: 1278ef22
// 重构日志: c8b1c467
// 同步 ID: a69f06e1 @ Mon Jul 20 16:07:59 UTC 2026
// 重构日志: b08a86e1
// 重构日志: a8e95602
// 同步 ID: 55a7fc8b @ Wed Jul 22 07:40:31 UTC 2026
